1603369594079	mozrunner::runner	INFO	Running command: "/usr/bin/firefox" "-marionette" "-foreground" "-no-remote" "-profile" "/tmp/rust_mozprofileyZk8ZG"
console.error: SearchCache: "_readCacheFile: Error reading cache file:" (new Error("", "(unknown module)"))
1603369648210	Marionette	INFO	Listening on port 38427
1603369648914	Marionette	WARN	TLS certificate errors will be ignored for this session
1603369694667	Marionette	INFO	Stopped listening on port 38427
1603369747714	mozrunner::runner	INFO	Running command: "/usr/bin/firefox" "-marionette" "-foreground" "-no-remote" "-profile" "/tmp/rust_mozprofile8ok7U8"
console.error: SearchCache: "_readCacheFile: Error reading cache file:" (new Error("", "(unknown module)"))
1603369777568	Marionette	INFO	Listening on port 46501
1603369777703	Marionette	WARN	TLS certificate errors will be ignored for this session
1603369910009	Marionette	INFO	Stopped listening on port 46501
1603369919246	mozrunner::runner	INFO	Running command: "/usr/bin/firefox" "-marionette" "-foreground" "-no-remote" "-profile" "/tmp/rust_mozprofileCYmDqE"
console.error: SearchCache: "_readCacheFile: Error reading cache file:" (new Error("", "(unknown module)"))
1603369942769	Marionette	INFO	Listening on port 41623
1603369942826	Marionette	WARN	TLS certificate errors will be ignored for this session
1603370172967	Marionette	INFO	Stopped listening on port 41623
1603370228388	mozrunner::runner	INFO	Running command: "/usr/bin/firefox" "-marionette" "-foreground" "-no-remote" "-profile" "/tmp/rust_mozprofile4w7apO"
console.error: SearchCache: "_readCacheFile: Error reading cache file:" (new Error("", "(unknown module)"))
1603370257053	Marionette	INFO	Listening on port 36519
1603370257124	Marionette	WARN	TLS certificate errors will be ignored for this session
IPDL protocol error: Handler returned error code!

###!!! [Parent][DispatchAsyncMessage] Error: PLayerTransaction::Msg_ReleaseLayer Processing error: message was deserialized, but the handler returned false (indicating failure)

IPDL protocol error: Handler returned error code!

###!!! [Parent][DispatchAsyncMessage] Error: PLayerTransaction::Msg_ReleaseLayer Processing error: message was deserialized, but the handler returned false (indicating failure)

IPDL protocol error: Handler returned error code!

###!!! [Parent][DispatchAsyncMessage] Error: PLayerTransaction::Msg_ReleaseLayer Processing error: message was deserialized, but the handler returned false (indicating failure)

1603370351372	Marionette	INFO	Stopped listening on port 36519
1603371111442	mozrunner::runner	INFO	Running command: "/usr/bin/firefox" "-marionette" "-foreground" "-no-remote" "-profile" "/tmp/rust_mozprofileMA5j4n"
console.error: SearchCache: "_readCacheFile: Error reading cache file:" (new Error("", "(unknown module)"))
1603371127775	Marionette	INFO	Listening on port 35107
1603371127856	Marionette	WARN	TLS certificate errors will be ignored for this session
1603371202621	Marionette	INFO	Stopped listening on port 35107
1603371207729	mozrunner::runner	INFO	Running command: "/usr/bin/firefox" "-marionette" "-foreground" "-no-remote" "-profile" "/tmp/rust_mozprofileHy4qUe"
console.error: SearchCache: "_readCacheFile: Error reading cache file:" (new Error("", "(unknown module)"))
1603371219144	Marionette	INFO	Listening on port 39297
1603371219257	Marionette	WARN	TLS certificate errors will be ignored for this session
1603371317580	mozrunner::runner	INFO	Running command: "/usr/bin/firefox" "-marionette" "-foreground" "-no-remote" "-profile" "/tmp/rust_mozprofileIgJE8v"
console.error: SearchCache: "_readCacheFile: Error reading cache file:" (new Error("", "(unknown module)"))
1603371330517	Marionette	INFO	Listening on port 44703
1603371330583	Marionette	WARN	TLS certificate errors will be ignored for this session
1603371382738	Marionette	INFO	Stopped listening on port 39297
1603371385644	Marionette	INFO	Stopped listening on port 44703
1603371432663	mozrunner::runner	INFO	Running command: "/usr/bin/firefox" "-marionette" "-foreground" "-no-remote" "-profile" "/tmp/rust_mozprofile4YzV9Q"
console.error: SearchCache: "_readCacheFile: Error reading cache file:" (new Error("", "(unknown module)"))
1603371445361	Marionette	INFO	Listening on port 36539
1603371445449	Marionette	WARN	TLS certificate errors will be ignored for this session
1603371589697	mozrunner::runner	INFO	Running command: "/usr/bin/firefox" "-marionette" "-foreground" "-no-remote" "-profile" "/tmp/rust_mozprofileZF1169"
1603371593866	Marionette	INFO	Stopped listening on port 36539
console.error: SearchCache: "_readCacheFile: Error reading cache file:" (new Error("", "(unknown module)"))
1603371604895	Marionette	INFO	Listening on port 44033
1603371605053	Marionette	WARN	TLS certificate errors will be ignored for this session
1603371857484	mozrunner::runner	INFO	Running command: "/usr/bin/firefox" "-marionette" "-foreground" "-no-remote" "-profile" "/tmp/rust_mozprofile6XeS4t"
console.error: SearchCache: "_readCacheFile: Error reading cache file:" (new Error("", "(unknown module)"))
1603371879165	Marionette	INFO	Listening on port 36907
1603371879256	Marionette	WARN	TLS certificate errors will be ignored for this session
1603371913589	Marionette	INFO	Stopped listening on port 44033
1603371917864	Marionette	INFO	Stopped listening on port 36907
1603374206556	mozrunner::runner	INFO	Running command: "/usr/bin/firefox" "-marionette" "-foreground" "-no-remote" "-profile" "/tmp/rust_mozprofilerrXSB8"
console.error: SearchCache: "_readCacheFile: Error reading cache file:" (new Error("", "(unknown module)"))
1603374218280	Marionette	INFO	Listening on port 44997
1603374218315	Marionette	WARN	TLS certificate errors will be ignored for this session
1603374291451	mozrunner::runner	INFO	Running command: "/usr/bin/firefox" "-marionette" "-foreground" "-no-remote" "-profile" "/tmp/rust_mozprofileMNWg8o"
1603374295369	Marionette	INFO	Stopped listening on port 44997
console.error: SearchCache: "_readCacheFile: Error reading cache file:" (new Error("", "(unknown module)"))
1603374303027	Marionette	INFO	Listening on port 44311
1603374303061	Marionette	WARN	TLS certificate errors will be ignored for this session
1603374445806	mozrunner::runner	INFO	Running command: "/usr/bin/firefox" "-marionette" "-foreground" "-no-remote" "-profile" "/tmp/rust_mozprofileaUQKEQ"
console.error: SearchCache: "_readCacheFile: Error reading cache file:" (new Error("", "(unknown module)"))
1603374457248	Marionette	INFO	Listening on port 41183
1603374457383	Marionette	WARN	TLS certificate errors will be ignored for this session
1603374514644	Marionette	INFO	Stopped listening on port 41183
1603374516837	Marionette	INFO	Stopped listening on port 44311
1603374606134	mozrunner::runner	INFO	Running command: "/usr/bin/firefox" "-marionette" "-foreground" "-no-remote" "-profile" "/tmp/rust_mozprofileJSXxD1"
console.error: SearchCache: "_readCacheFile: Error reading cache file:" (new Error("", "(unknown module)"))
1603374622718	Marionette	INFO	Listening on port 46635
1603374622754	Marionette	WARN	TLS certificate errors will be ignored for this session
1603379027423	mozrunner::runner	INFO	Running command: "/usr/bin/firefox" "-marionette" "-foreground" "-no-remote" "-profile" "/tmp/rust_mozprofilewfzJgu"
console.error: SearchCache: "_readCacheFile: Error reading cache file:" (new Error("", "(unknown module)"))
1603379058006	Marionette	INFO	Listening on port 37525
1603379058085	Marionette	WARN	TLS certificate errors will be ignored for this session
1603379189860	mozrunner::runner	INFO	Running command: "/usr/bin/firefox" "-marionette" "-foreground" "-no-remote" "-profile" "/tmp/rust_mozprofilerjopx1"
1603379193503	Marionette	INFO	Stopped listening on port 37525
console.error: SearchCache: "_readCacheFile: Error reading cache file:" (new Error("", "(unknown module)"))
1603379207449	Marionette	INFO	Listening on port 39135
1603379207696	Marionette	WARN	TLS certificate errors will be ignored for this session
IPDL protocol error: Handler returned error code!

###!!! [Parent][DispatchAsyncMessage] Error: PLayerTransaction::Msg_ReleaseLayer Processing error: message was deserialized, but the handler returned false (indicating failure)

IPDL protocol error: Handler returned error code!

###!!! [Parent][DispatchAsyncMessage] Error: PLayerTransaction::Msg_ReleaseLayer Processing error: message was deserialized, but the handler returned false (indicating failure)

IPDL protocol error: Handler returned error code!

###!!! [Parent][DispatchAsyncMessage] Error: PLayerTransaction::Msg_ReleaseLayer Processing error: message was deserialized, but the handler returned false (indicating failure)

IPDL protocol error: Handler returned error code!

###!!! [Parent][DispatchAsyncMessage] Error: PLayerTransaction::Msg_ReleaseLayer Processing error: message was deserialized, but the handler returned false (indicating failure)

IPDL protocol error: Handler returned error code!

###!!! [Parent][DispatchAsyncMessage] Error: PLayerTransaction::Msg_ReleaseLayer Processing error: message was deserialized, but the handler returned false (indicating failure)

IPDL protocol error: Handler returned error code!

###!!! [Parent][DispatchAsyncMessage] Error: PLayerTransaction::Msg_ReleaseLayer Processing error: message was deserialized, but the handler returned false (indicating failure)

IPDL protocol error: Handler returned error code!

###!!! [Parent][DispatchAsyncMessage] Error: PLayerTransaction::Msg_ReleaseLayer Processing error: message was deserialized, but the handler returned false (indicating failure)

IPDL protocol error: Handler returned error code!

###!!! [Parent][DispatchAsyncMessage] Error: PLayerTransaction::Msg_ReleaseLayer Processing error: message was deserialized, but the handler returned false (indicating failure)

IPDL protocol error: Handler returned error code!

###!!! [Parent][DispatchAsyncMessage] Error: PLayerTransaction::Msg_ReleaseLayer Processing error: message was deserialized, but the handler returned false (indicating failure)

IPDL protocol error: Handler returned error code!

###!!! [Parent][DispatchAsyncMessage] Error: PLayerTransaction::Msg_ReleaseLayer Processing error: message was deserialized, but the handler returned false (indicating failure)

IPDL protocol error: Handler returned error code!

###!!! [Parent][DispatchAsyncMessage] Error: PLayerTransaction::Msg_ReleaseLayer Processing error: message was deserialized, but the handler returned false (indicating failure)

IPDL protocol error: Handler returned error code!

###!!! [Parent][DispatchAsyncMessage] Error: PLayerTransaction::Msg_ReleaseLayer Processing error: message was deserialized, but the handler returned false (indicating failure)

IPDL protocol error: Handler returned error code!

###!!! [Parent][DispatchAsyncMessage] Error: PLayerTransaction::Msg_ReleaseLayer Processing error: message was deserialized, but the handler returned false (indicating failure)

1603379394190	Marionette	INFO	Stopped listening on port 39135
1603379804739	mozrunner::runner	INFO	Running command: "/usr/bin/firefox" "-marionette" "-foreground" "-no-remote" "-profile" "/tmp/rust_mozprofileEfS1x7"
console.error: SearchCache: "_readCacheFile: Error reading cache file:" (new Error("", "(unknown module)"))
console.error: Region.jsm: "Error fetching region" (new AbortError("The operation was aborted. ", (void 0), 697))
console.error: Region.jsm: "Failed to fetch region" (new Error("NO_RESULT", "resource://gre/modules/Region.jsm", 351))
1603379819992	Marionette	INFO	Listening on port 33707
1603379820132	Marionette	WARN	TLS certificate errors will be ignored for this session
1603379958677	mozrunner::runner	INFO	Running command: "/usr/bin/firefox" "-marionette" "-foreground" "-no-remote" "-profile" "/tmp/rust_mozprofileS5w9OG"
1603379962994	Marionette	INFO	Stopped listening on port 33707
console.error: SearchCache: "_readCacheFile: Error reading cache file:" (new Error("", "(unknown module)"))
1603379978685	Marionette	INFO	Listening on port 43857
1603379978779	Marionette	WARN	TLS certificate errors will be ignored for this session
1603380308994	mozrunner::runner	INFO	Running command: "/usr/bin/firefox" "-marionette" "-foreground" "-no-remote" "-profile" "/tmp/rust_mozprofileJ76Yu3"
console.error: SearchCache: "_readCacheFile: Error reading cache file:" (new Error("", "(unknown module)"))
1603380333338	Marionette	INFO	Listening on port 42097
1603380333676	Marionette	WARN	TLS certificate errors will be ignored for this session
1603380363041	Marionette	WARN	TimedPromise timed out after 500 ms: stacktrace:
TimedPromise/<@chrome://marionette/content/sync.js:245:13
TimedPromise@chrome://marionette/content/sync.js:230:10
interaction.flushEventLoop@chrome://marionette/content/interaction.js:416:10
webdriverClickElement@chrome://marionette/content/interaction.js:182:31
1603385858889	Marionette	INFO	Stopped listening on port 42097
1603385940096	mozrunner::runner	INFO	Running command: "/usr/bin/firefox" "-marionette" "-foreground" "-no-remote" "-profile" "/tmp/rust_mozprofileIQt34T"
IPDL protocol error: Handler returned error code!

###!!! [Parent][DispatchAsyncMessage] Error: PLayerTransaction::Msg_ReleaseLayer Processing error: message was deserialized, but the handler returned false (indicating failure)

IPDL protocol error: Handler returned error code!

###!!! [Parent][DispatchAsyncMessage] Error: PLayerTransaction::Msg_ReleaseLayer Processing error: message was deserialized, but the handler returned false (indicating failure)

IPDL protocol error: Handler returned error code!

###!!! [Parent][DispatchAsyncMessage] Error: PLayerTransaction::Msg_ReleaseLayer Processing error: message was deserialized, but the handler returned false (indicating failure)

IPDL protocol error: Handler returned error code!

###!!! [Parent][DispatchAsyncMessage] Error: PLayerTransaction::Msg_ReleaseLayer Processing error: message was deserialized, but the handler returned false (indicating failure)

IPDL protocol error: Handler returned error code!

###!!! [Parent][DispatchAsyncMessage] Error: PLayerTransaction::Msg_ReleaseLayer Processing error: message was deserialized, but the handler returned false (indicating failure)

IPDL protocol error: Handler returned error code!

###!!! [Parent][DispatchAsyncMessage] Error: PLayerTransaction::Msg_ReleaseLayer Processing error: message was deserialized, but the handler returned false (indicating failure)

IPDL protocol error: Handler returned error code!

###!!! [Parent][DispatchAsyncMessage] Error: PLayerTransaction::Msg_ReleaseLayer Processing error: message was deserialized, but the handler returned false (indicating failure)

IPDL protocol error: Handler returned error code!

###!!! [Parent][DispatchAsyncMessage] Error: PLayerTransaction::Msg_ReleaseLayer Processing error: message was deserialized, but the handler returned false (indicating failure)

IPDL protocol error: Handler returned error code!

###!!! [Parent][DispatchAsyncMessage] Error: PLayerTransaction::Msg_ReleaseLayer Processing error: message was deserialized, but the handler returned false (indicating failure)

IPDL protocol error: Handler returned error code!

###!!! [Parent][DispatchAsyncMessage] Error: PLayerTransaction::Msg_ReleaseLayer Processing error: message was deserialized, but the handler returned false (indicating failure)

IPDL protocol error: Handler returned error code!

###!!! [Parent][DispatchAsyncMessage] Error: PLayerTransaction::Msg_ReleaseLayer Processing error: message was deserialized, but the handler returned false (indicating failure)

IPDL protocol error: Handler returned error code!

###!!! [Parent][DispatchAsyncMessage] Error: PLayerTransaction::Msg_ReleaseLayer Processing error: message was deserialized, but the handler returned false (indicating failure)

IPDL protocol error: Handler returned error code!

###!!! [Parent][DispatchAsyncMessage] Error: PLayerTransaction::Msg_ReleaseLayer Processing error: message was deserialized, but the handler returned false (indicating failure)

1603385945911	Marionette	INFO	Stopped listening on port 43857
console.error: SearchCache: "_readCacheFile: Error reading cache file:" (new Error("", "(unknown module)"))
1603385956384	Marionette	INFO	Listening on port 45473
1603385956430	Marionette	WARN	TLS certificate errors will be ignored for this session
1603386137472	mozrunner::runner	INFO	Running command: "/usr/bin/firefox" "-marionette" "-foreground" "-no-remote" "-profile" "/tmp/rust_mozprofileSLmZtT"
console.error: SearchCache: "_readCacheFile: Error reading cache file:" (new Error("", "(unknown module)"))
1603386152350	Marionette	INFO	Listening on port 44131
1603386152399	Marionette	WARN	TLS certificate errors will be ignored for this session
1603386181552	Marionette	INFO	Stopped listening on port 44131
1603386314579	mozrunner::runner	INFO	Running command: "/usr/bin/firefox" "-marionette" "-foreground" "-no-remote" "-profile" "/tmp/rust_mozprofileqNCFWd"
console.error: SearchCache: "_readCacheFile: Error reading cache file:" (new Error("", "(unknown module)"))
1603386334345	Marionette	INFO	Listening on port 33639
1603386334373	Marionette	WARN	TLS certificate errors will be ignored for this session
1603386406104	mozrunner::runner	INFO	Running command: "/usr/bin/firefox" "-marionette" "-foreground" "-no-remote" "-profile" "/tmp/rust_mozprofilekuhkEE"
console.error: SearchCache: "_readCacheFile: Error reading cache file:" (new Error("", "(unknown module)"))
1603386424258	Marionette	INFO	Listening on port 36351
1603386424343	Marionette	WARN	TLS certificate errors will be ignored for this session
console.error: (new TypeError("parent is null", "resource://devtools/client/inspector/shared/style-change-tracker.js", 67))
TypeError: parent is null: canMutationImpactCurrentStyles@resource://devtools/client/inspector/shared/style-change-tracker.js:67:24
onMutations@resource://devtools/client/inspector/shared/style-change-tracker.js:84:41
_emit@resource://devtools/shared/event-emitter.js:226:34
emit@resource://devtools/shared/event-emitter.js:172:18
emit@resource://devtools/shared/event-emitter.js:324:18
getMutations@resource://devtools/client/fronts/walker.js:405:10

console.error: (new TypeError("container.node.targetFront is null", "resource://devtools/client/inspector/markup/markup.js", 2274))
console.error: "Error while calling actor 'pagestyle's method 'getLayout'" "node is null"
console.error: "getLayout@resource://devtools/server/actors/styles.js:989:5\nhandler@resource://devtools/shared/protocol/Actor.js:166:37\nonPacket@resource://devtools/server/devtools-server-connection.js:379:58\nreceiveMessage@resource://devtools/shared/transport/child-transport.js:66:16\n"
console.error: (new Error("Protocol error (TypeError): node is null from: server0.conn0.child2/pagestyle26 (resource://devtools/server/actors/styles.js:989:5)", "resource://devtools/shared/protocol/Front.js", 327))
1603386509147	Marionette	INFO	Stopped listening on port 33639
console.warn: "Inspector destroyed while executing onReflow callback"
1603386514815	Marionette	INFO	Stopped listening on port 36351
1603386693198	mozrunner::runner	INFO	Running command: "/usr/bin/firefox" "-marionette" "-foreground" "-no-remote" "-profile" "/tmp/rust_mozprofileJZoeYf"
console.error: SearchCache: "_readCacheFile: Error reading cache file:" (new Error("", "(unknown module)"))
1603386714458	Marionette	INFO	Listening on port 41321
1603386714676	Marionette	WARN	TLS certificate errors will be ignored for this session
1603386823563	mozrunner::runner	INFO	Running command: "/usr/bin/firefox" "-marionette" "-foreground" "-no-remote" "-profile" "/tmp/rust_mozprofilegZPLc5"
1603386829431	Marionette	INFO	Stopped listening on port 41321
1603386832396	Marionette	INFO	Stopped listening on port 45473
console.error: SearchCache: "_readCacheFile: Error reading cache file:" (new Error("", "(unknown module)"))
1603386846074	Marionette	INFO	Listening on port 46327
1603386846205	Marionette	WARN	TLS certificate errors will be ignored for this session
1603387538842	mozrunner::runner	INFO	Running command: "/usr/bin/firefox" "-marionette" "-foreground" "-no-remote" "-profile" "/tmp/rust_mozprofilesZVqUT"
console.error: SearchCache: "_readCacheFile: Error reading cache file:" (new Error("", "(unknown module)"))
1603387562183	Marionette	INFO	Listening on port 45549
1603387562330	Marionette	WARN	TLS certificate errors will be ignored for this session
1603387640909	Marionette	INFO	Stopped listening on port 45549
IPDL protocol error: Handler returned error code!

###!!! [Parent][DispatchAsyncMessage] Error: PLayerTransaction::Msg_ReleaseLayer Processing error: message was deserialized, but the handler returned false (indicating failure)

IPDL protocol error: Handler returned error code!

###!!! [Parent][DispatchAsyncMessage] Error: PLayerTransaction::Msg_ReleaseLayer Processing error: message was deserialized, but the handler returned false (indicating failure)

IPDL protocol error: Handler returned error code!

###!!! [Parent][DispatchAsyncMessage] Error: PLayerTransaction::Msg_ReleaseLayer Processing error: message was deserialized, but the handler returned false (indicating failure)

IPDL protocol error: Handler returned error code!

###!!! [Parent][DispatchAsyncMessage] Error: PLayerTransaction::Msg_ReleaseLayer Processing error: message was deserialized, but the handler returned false (indicating failure)

IPDL protocol error: Handler returned error code!

###!!! [Parent][DispatchAsyncMessage] Error: PLayerTransaction::Msg_ReleaseLayer Processing error: message was deserialized, but the handler returned false (indicating failure)

IPDL protocol error: Handler returned error code!

###!!! [Parent][DispatchAsyncMessage] Error: PLayerTransaction::Msg_ReleaseLayer Processing error: message was deserialized, but the handler returned false (indicating failure)

IPDL protocol error: Handler returned error code!

###!!! [Parent][DispatchAsyncMessage] Error: PLayerTransaction::Msg_ReleaseLayer Processing error: message was deserialized, but the handler returned false (indicating failure)

IPDL protocol error: Handler returned error code!

###!!! [Parent][DispatchAsyncMessage] Error: PLayerTransaction::Msg_ReleaseLayer Processing error: message was deserialized, but the handler returned false (indicating failure)

IPDL protocol error: Handler returned error code!

###!!! [Parent][DispatchAsyncMessage] Error: PLayerTransaction::Msg_ReleaseLayer Processing error: message was deserialized, but the handler returned false (indicating failure)

IPDL protocol error: Handler returned error code!

###!!! [Parent][DispatchAsyncMessage] Error: PLayerTransaction::Msg_ReleaseLayer Processing error: message was deserialized, but the handler returned false (indicating failure)

IPDL protocol error: Handler returned error code!

###!!! [Parent][DispatchAsyncMessage] Error: PLayerTransaction::Msg_ReleaseLayer Processing error: message was deserialized, but the handler returned false (indicating failure)

IPDL protocol error: Handler returned error code!

###!!! [Parent][DispatchAsyncMessage] Error: PLayerTransaction::Msg_ReleaseLayer Processing error: message was deserialized, but the handler returned false (indicating failure)

IPDL protocol error: Handler returned error code!

###!!! [Parent][DispatchAsyncMessage] Error: PLayerTransaction::Msg_ReleaseLayer Processing error: message was deserialized, but the handler returned false (indicating failure)

IPDL protocol error: Handler returned error code!

###!!! [Parent][DispatchAsyncMessage] Error: PLayerTransaction::Msg_ReleaseLayer Processing error: message was deserialized, but the handler returned false (indicating failure)

IPDL protocol error: Handler returned error code!

###!!! [Parent][DispatchAsyncMessage] Error: PLayerTransaction::Msg_ReleaseLayer Processing error: message was deserialized, but the handler returned false (indicating failure)

IPDL protocol error: Handler returned error code!

###!!! [Parent][DispatchAsyncMessage] Error: PLayerTransaction::Msg_ReleaseLayer Processing error: message was deserialized, but the handler returned false (indicating failure)

IPDL protocol error: Handler returned error code!

###!!! [Parent][DispatchAsyncMessage] Error: PLayerTransaction::Msg_ReleaseLayer Processing error: message was deserialized, but the handler returned false (indicating failure)

IPDL protocol error: Handler returned error code!

###!!! [Parent][DispatchAsyncMessage] Error: PLayerTransaction::Msg_ReleaseLayer Processing error: message was deserialized, but the handler returned false (indicating failure)

IPDL protocol error: Handler returned error code!

###!!! [Parent][DispatchAsyncMessage] Error: PLayerTransaction::Msg_ReleaseLayer Processing error: message was deserialized, but the handler returned false (indicating failure)

IPDL protocol error: Handler returned error code!

###!!! [Parent][DispatchAsyncMessage] Error: PLayerTransaction::Msg_ReleaseLayer Processing error: message was deserialized, but the handler returned false (indicating failure)

IPDL protocol error: Handler returned error code!

###!!! [Parent][DispatchAsyncMessage] Error: PLayerTransaction::Msg_ReleaseLayer Processing error: message was deserialized, but the handler returned false (indicating failure)

IPDL protocol error: Handler returned error code!

###!!! [Parent][DispatchAsyncMessage] Error: PLayerTransaction::Msg_ReleaseLayer Processing error: message was deserialized, but the handler returned false (indicating failure)

IPDL protocol error: Handler returned error code!

###!!! [Parent][DispatchAsyncMessage] Error: PLayerTransaction::Msg_ReleaseLayer Processing error: message was deserialized, but the handler returned false (indicating failure)

IPDL protocol error: Handler returned error code!

###!!! [Parent][DispatchAsyncMessage] Error: PLayerTransaction::Msg_ReleaseLayer Processing error: message was deserialized, but the handler returned false (indicating failure)

IPDL protocol error: Handler returned error code!

###!!! [Parent][DispatchAsyncMessage] Error: PLayerTransaction::Msg_ReleaseLayer Processing error: message was deserialized, but the handler returned false (indicating failure)

1603387643928	Marionette	INFO	Stopped listening on port 46327
1603387649665	mozrunner::runner	INFO	Running command: "/usr/bin/firefox" "-marionette" "-foreground" "-no-remote" "-profile" "/tmp/rust_mozprofileWcEtMx"
console.error: SearchCache: "_readCacheFile: Error reading cache file:" (new Error("", "(unknown module)"))
1603387662453	Marionette	INFO	Listening on port 41359
1603387662633	Marionette	WARN	TLS certificate errors will be ignored for this session
1603387732267	mozrunner::runner	INFO	Running command: "/usr/bin/firefox" "-marionette" "-foreground" "-no-remote" "-profile" "/tmp/rust_mozprofilehDuwK1"
console.error: SearchCache: "_readCacheFile: Error reading cache file:" (new Error("", "(unknown module)"))
1603387746959	Marionette	INFO	Listening on port 34141
1603387747055	Marionette	WARN	TLS certificate errors will be ignored for this session
1603387802396	mozrunner::runner	INFO	Running command: "/usr/bin/firefox" "-marionette" "-foreground" "-no-remote" "-profile" "/tmp/rust_mozprofilee6kySc"
console.error: SearchCache: "_readCacheFile: Error reading cache file:" (new Error("", "(unknown module)"))
1603387829647	Marionette	INFO	Listening on port 41019
1603387829687	Marionette	WARN	TLS certificate errors will be ignored for this session
1603387887190	Marionette	INFO	Stopped listening on port 34141
1603387890197	Marionette	INFO	Stopped listening on port 41359
1603387923698	mozrunner::runner	INFO	Running command: "/usr/bin/firefox" "-marionette" "-foreground" "-no-remote" "-profile" "/tmp/rust_mozprofileyYAPPB"
console.error: SearchCache: "_readCacheFile: Error reading cache file:" (new Error("", "(unknown module)"))
1603387940572	Marionette	INFO	Listening on port 41543
1603387940699	Marionette	WARN	TLS certificate errors will be ignored for this session
console.warn: LoginRecipes: "getRecipes: falling back to a synchronous message for:" "https://www.flipkart.com"
1603388499605	mozrunner::runner	INFO	Running command: "/usr/bin/firefox" "-marionette" "-foreground" "-no-remote" "-profile" "/tmp/rust_mozprofilektNtXI"
console.error: SearchCache: "_readCacheFile: Error reading cache file:" (new Error("", "(unknown module)"))
1603388526454	Marionette	INFO	Listening on port 44405
1603388526692	Marionette	WARN	TLS certificate errors will be ignored for this session
1603388553855	Marionette	WARN	TimedPromise timed out after 500 ms: stacktrace:
TimedPromise/<@chrome://marionette/content/sync.js:245:13
TimedPromise@chrome://marionette/content/sync.js:230:10
interaction.flushEventLoop@chrome://marionette/content/interaction.js:416:10
webdriverClickElement@chrome://marionette/content/interaction.js:182:31
1603388813117	Marionette	INFO	Stopped listening on port 44405
1603388814969	Marionette	INFO	Stopped listening on port 41019
1603388839499	mozrunner::runner	INFO	Running command: "/usr/bin/firefox" "-marionette" "-foreground" "-no-remote" "-profile" "/tmp/rust_mozprofileiZCbQ6"
console.error: SearchCache: "_readCacheFile: Error reading cache file:" (new Error("", "(unknown module)"))
1603388865563	Marionette	INFO	Listening on port 40691
1603388865670	Marionette	WARN	TLS certificate errors will be ignored for this session
1603388953944	mozrunner::runner	INFO	Running command: "/usr/bin/firefox" "-marionette" "-foreground" "-no-remote" "-profile" "/tmp/rust_mozprofileOqIYLj"
console.error: SearchCache: "_readCacheFile: Error reading cache file:" (new Error("", "(unknown module)"))
1603388998277	Marionette	INFO	Listening on port 41717
1603388998312	Marionette	WARN	TLS certificate errors will be ignored for this session
1603389048985	Marionette	WARN	TimedPromise timed out after 500 ms: stacktrace:
TimedPromise/<@chrome://marionette/content/sync.js:245:13
TimedPromise@chrome://marionette/content/sync.js:230:10
interaction.flushEventLoop@chrome://marionette/content/interaction.js:416:10
webdriverClickElement@chrome://marionette/content/interaction.js:182:31
1603389055477	Marionette	WARN	TimedPromise timed out after 500 ms: stacktrace:
TimedPromise/<@chrome://marionette/content/sync.js:245:13
TimedPromise@chrome://marionette/content/sync.js:230:10
interaction.flushEventLoop@chrome://marionette/content/interaction.js:416:10
webdriverClickElement@chrome://marionette/content/interaction.js:182:31
JavaScript error: , line 0: TypeError: NetworkError when attempting to fetch resource.
1603389110422	Marionette	INFO	Stopped listening on port 41717
1603389113064	Marionette	INFO	Stopped listening on port 41543
1603389115902	Marionette	INFO	Stopped listening on port 40691
1603436841234	mozrunner::runner	INFO	Running command: "/usr/bin/firefox" "-marionette" "-foreground" "-no-remote" "-profile" "/tmp/rust_mozprofileGZxiBr"
console.error: SearchCache: "_readCacheFile: Error reading cache file:" (new Error("", "(unknown module)"))
1603436861639	Marionette	INFO	Listening on port 43921
1603436861669	Marionette	WARN	TLS certificate errors will be ignored for this session
console.error: Region.jsm: "Error fetching region" (new AbortError("The operation was aborted. ", (void 0), 697))
console.error: Region.jsm: "Failed to fetch region" (new Error("NO_RESULT", "resource://gre/modules/Region.jsm", 351))
1603437057703	Marionette	INFO	Stopped listening on port 43921
1603438239333	mozrunner::runner	INFO	Running command: "/usr/bin/firefox" "-marionette" "-foreground" "-no-remote" "-profile" "/tmp/rust_mozprofiley6CFia"
console.error: SearchCache: "_readCacheFile: Error reading cache file:" (new Error("", "(unknown module)"))
1603438253855	Marionette	INFO	Listening on port 41357
1603438254011	Marionette	WARN	TLS certificate errors will be ignored for this session
JavaScript error: , line 0: TypeError: NetworkError when attempting to fetch resource.
JavaScript error: , line 0: TypeError: NetworkError when attempting to fetch resource.
JavaScript error: , line 0: TypeError: NetworkError when attempting to fetch resource.
JavaScript error: , line 0: TypeError: NetworkError when attempting to fetch resource.
JavaScript error: , line 0: TypeError: NetworkError when attempting to fetch resource.
JavaScript error: , line 0: TypeError: NetworkError when attempting to fetch resource.
JavaScript error: , line 0: TypeError: NetworkError when attempting to fetch resource.
JavaScript error: , line 0: TypeError: NetworkError when attempting to fetch resource.
JavaScript error: , line 0: TypeError: NetworkError when attempting to fetch resource.
JavaScript error: , line 0: TypeError: NetworkError when attempting to fetch resource.
JavaScript error: , line 0: TypeError: NetworkError when attempting to fetch resource.
JavaScript error: , line 0: TypeError: NetworkError when attempting to fetch resource.
JavaScript error: , line 0: TypeError: NetworkError when attempting to fetch resource.
[Child 10309, MediaDecoderStateMachine #1] WARNING: Decoder=7ff5b6c4d800 Decode error: NS_ERROR_DOM_MEDIA_FATAL_ERR (0x806e0005) - RefPtr<MediaSourceTrackDemuxer::SamplesPromise> mozilla::MediaSourceTrackDemuxer::DoGetSamples(int32_t): manager is detached.: file /build/firefox-ZHfi1Q/firefox-81.0.2+build1/dom/media/MediaDecoderStateMachine.cpp, line 3470
JavaScript error: , line 0: TypeError: NetworkError when attempting to fetch resource.
JavaScript error: resource://devtools/client/framework/toolbox.js, line 1893: TypeError: currentPanel is undefined
1603440453764	mozrunner::runner	INFO	Running command: "/usr/bin/firefox" "-marionette" "-foreground" "-no-remote" "-profile" "/tmp/rust_mozprofileCX659d"
console.error: SearchCache: "_readCacheFile: Error reading cache file:" (new Error("", "(unknown module)"))
1603440492562	Marionette	INFO	Listening on port 45557
1603440492837	Marionette	WARN	TLS certificate errors will be ignored for this session
1603450625679	Marionette	INFO	Stopped listening on port 45557
1603450628861	Marionette	INFO	Stopped listening on port 41357
1603451001253	mozrunner::runner	INFO	Running command: "/usr/bin/firefox" "-marionette" "-foreground" "-no-remote" "-profile" "/tmp/rust_mozprofilets41E8"
console.error: SearchCache: "_readCacheFile: Error reading cache file:" (new Error("", "(unknown module)"))
1603451045959	Marionette	INFO	Listening on port 41691
1603451046012	Marionette	WARN	TLS certificate errors will be ignored for this session
1603451375150	mozrunner::runner	INFO	Running command: "/usr/bin/firefox" "-marionette" "-foreground" "-no-remote" "-profile" "/tmp/rust_mozprofilevdXV42"
console.error: SearchCache: "_readCacheFile: Error reading cache file:" (new Error("", "(unknown module)"))
1603451387552	Marionette	INFO	Listening on port 46555
1603451387618	Marionette	WARN	TLS certificate errors will be ignored for this session
console.error: Region.jsm: "Error fetching region" (new AbortError("The operation was aborted. ", (void 0), 697))
console.error: Region.jsm: "Failed to fetch region" (new Error("NO_RESULT", "resource://gre/modules/Region.jsm", 351))
1603451496913	Marionette	INFO	Stopped listening on port 41691
1603451591184	mozrunner::runner	INFO	Running command: "/usr/bin/firefox" "-marionette" "-foreground" "-no-remote" "-profile" "/tmp/rust_mozprofile62SYA9"
console.error: SearchCache: "_readCacheFile: Error reading cache file:" (new Error("", "(unknown module)"))
1603451607676	Marionette	INFO	Listening on port 42213
1603451607769	Marionette	WARN	TLS certificate errors will be ignored for this session
1603451712415	mozrunner::runner	INFO	Running command: "/usr/bin/firefox" "-marionette" "-foreground" "-no-remote" "-profile" "/tmp/rust_mozprofilexMC9YC"
console.error: SearchCache: "_readCacheFile: Error reading cache file:" (new Error("", "(unknown module)"))
1603451739613	Marionette	INFO	Listening on port 46183
1603451739718	Marionette	WARN	TLS certificate errors will be ignored for this session
1603451772522	Marionette	WARN	TimedPromise timed out after 500 ms: stacktrace:
TimedPromise/<@chrome://marionette/content/sync.js:245:13
TimedPromise@chrome://marionette/content/sync.js:230:10
interaction.flushEventLoop@chrome://marionette/content/interaction.js:416:10
webdriverClickElement@chrome://marionette/content/interaction.js:182:31
1603451774987	Marionette	WARN	TimedPromise timed out after 500 ms: stacktrace:
TimedPromise/<@chrome://marionette/content/sync.js:245:13
TimedPromise@chrome://marionette/content/sync.js:230:10
interaction.flushEventLoop@chrome://marionette/content/interaction.js:416:10
webdriverClickElement@chrome://marionette/content/interaction.js:182:31
1603451898347	addons.xpi	ERROR	System addon update list error Error: Failed downloading XML, status: 0, reason: error
1603452174273	mozrunner::runner	INFO	Running command: "/usr/bin/firefox" "-marionette" "-foreground" "-no-remote" "-profile" "/tmp/rust_mozprofileAbxkPb"
console.error: SearchCache: "_readCacheFile: Error reading cache file:" (new Error("", "(unknown module)"))
1603452204373	Marionette	INFO	Listening on port 46143
1603452204451	Marionette	WARN	TLS certificate errors will be ignored for this session
JavaScript error: , line 0: TypeError: NetworkError when attempting to fetch resource.
1603452316814	Marionette	INFO	Stopped listening on port 46143
1603452319406	Marionette	INFO	Stopped listening on port 46183
IPDL protocol error: Handler returned error code!

###!!! [Parent][DispatchAsyncMessage] Error: PLayerTransaction::Msg_ReleaseLayer Processing error: message was deserialized, but the handler returned false (indicating failure)

IPDL protocol error: Handler returned error code!

###!!! [Parent][DispatchAsyncMessage] Error: PLayerTransaction::Msg_ReleaseLayer Processing error: message was deserialized, but the handler returned false (indicating failure)

IPDL protocol error: Handler returned error code!

###!!! [Parent][DispatchAsyncMessage] Error: PLayerTransaction::Msg_ReleaseLayer Processing error: message was deserialized, but the handler returned false (indicating failure)

1603452323644	Marionette	INFO	Stopped listening on port 42213
1603452795124	mozrunner::runner	INFO	Running command: "/usr/bin/firefox" "-marionette" "-foreground" "-no-remote" "-profile" "/tmp/rust_mozprofile18aq1L"
console.error: SearchCache: "_readCacheFile: Error reading cache file:" (new Error("", "(unknown module)"))
1603452817892	Marionette	INFO	Listening on port 45539
1603452817935	Marionette	WARN	TLS certificate errors will be ignored for this session
JavaScript error: , line 0: TypeError: NetworkError when attempting to fetch resource.
1603453315632	addons.xpi	ERROR	System addon update list error Error: Failed downloading XML, status: 0, reason: error
1603453316614	Marionette	INFO	Stopped listening on port 45539
1603453319680	Marionette	INFO	Stopped listening on port 46555
1603453364192	mozrunner::runner	INFO	Running command: "/usr/bin/firefox" "-marionette" "-foreground" "-no-remote" "-profile" "/tmp/rust_mozprofilexQAwta"
console.error: SearchCache: "_readCacheFile: Error reading cache file:" (new Error("", "(unknown module)"))
1603453373283	Marionette	INFO	Listening on port 42669
1603453373451	Marionette	WARN	TLS certificate errors will be ignored for this session
1603454085873	mozrunner::runner	INFO	Running command: "/usr/bin/firefox" "-marionette" "-foreground" "-no-remote" "-profile" "/tmp/rust_mozprofileEi7Y81"
console.error: SearchCache: "_readCacheFile: Error reading cache file:" (new Error("", "(unknown module)"))
1603454107981	Marionette	INFO	Listening on port 34061
1603454108059	Marionette	WARN	TLS certificate errors will be ignored for this session
1603454235345	Marionette	INFO	Stopped listening on port 34061
1603454237568	Marionette	INFO	Stopped listening on port 42669
1603454272027	mozrunner::runner	INFO	Running command: "/usr/bin/firefox" "-marionette" "-foreground" "-no-remote" "-profile" "/tmp/rust_mozprofiletTquDg"
console.error: SearchCache: "_readCacheFile: Error reading cache file:" (new Error("", "(unknown module)"))
1603454280492	Marionette	INFO	Listening on port 33061
1603454280617	Marionette	WARN	TLS certificate errors will be ignored for this session
1603454465634	Marionette	INFO	Stopped listening on port 33061
1603454470892	mozrunner::runner	INFO	Running command: "/usr/bin/firefox" "-marionette" "-foreground" "-no-remote" "-profile" "/tmp/rust_mozprofiledInZw3"
console.error: SearchCache: "_readCacheFile: Error reading cache file:" (new Error("", "(unknown module)"))
1603454479593	Marionette	INFO	Listening on port 36935
1603454479700	Marionette	WARN	TLS certificate errors will be ignored for this session
1603454744212	mozrunner::runner	INFO	Running command: "/usr/bin/firefox" "-marionette" "-foreground" "-no-remote" "-profile" "/tmp/rust_mozprofileNiPj1X"
console.error: SearchCache: "_readCacheFile: Error reading cache file:" (new Error("", "(unknown module)"))
1603454754907	Marionette	INFO	Listening on port 36629
1603454755033	Marionette	WARN	TLS certificate errors will be ignored for this session
JavaScript error: , line 0: TypeError: NetworkError when attempting to fetch resource.
1603454805422	Marionette	INFO	Stopped listening on port 36629
JavaScript error: , line 0: TypeError: NetworkError when attempting to fetch resource.
JavaScript error: , line 0: TypeError: NetworkError when attempting to fetch resource.
SourceActor threw an exception: [Exception... "Failed to open input source 'file:///'"  nsresult: "0x80520015 (NS_ERROR_FILE_ACCESS_DENIED)"  location: "JS frame :: resource://devtools/shared/DevToolsUtils.js :: mainThreadFetch/< :: line 661"  data: yes]
Stack: mainThreadFetch/<@resource://devtools/shared/DevToolsUtils.js:661:15
mainThreadFetch@resource://devtools/shared/DevToolsUtils.js:509:10
_fetchURLContents@resource://devtools/server/actors/utils/TabSources.js:440:22
urlContents@resource://devtools/server/actors/utils/TabSources.js:407:17
_resurrectSource@resource://devtools/server/actors/thread.js:2105:69
addAllSources@resource://devtools/server/actors/thread.js:1500:14
onSources@resource://devtools/server/actors/thread.js:1506:10
onPacket@resource://devtools/server/devtools-server-connection.js:379:58
receiveMessage@resource://devtools/shared/transport/child-transport.js:66:16
Line: 661, column: 0
console.error: ({})
JavaScript error: resource://devtools/shared/DevToolsUtils.js, line 661: NS_ERROR_FILE_ACCESS_DENIED: Failed to open input source 'file:///'
JavaScript error: , line 0: TypeError: NetworkError when attempting to fetch resource.
JavaScript error: , line 0: TypeError: NetworkError when attempting to fetch resource.
JavaScript error: , line 0: TypeError: NetworkError when attempting to fetch resource.
console.warn: "Got a mutation for an unexpected actor: server0.conn1.child2/domnode460, please file a bug on bugzilla.mozilla.org!"
console.trace: 
resource://devtools/client/fronts/walker.js 276 getMutations
console.warn: "Got a mutation for an unexpected actor: server0.conn1.child2/domnode460, please file a bug on bugzilla.mozilla.org!"
console.trace: 
resource://devtools/client/fronts/walker.js 276 getMutations
console.warn: "Got a mutation for an unexpected actor: server0.conn1.child2/domnode461, please file a bug on bugzilla.mozilla.org!"
console.trace: 
resource://devtools/client/fronts/walker.js 276 getMutations
console.warn: "Got a mutation for an unexpected actor: server0.conn1.child2/domnode461, please file a bug on bugzilla.mozilla.org!"
console.trace: 
resource://devtools/client/fronts/walker.js 276 getMutations
console.warn: "Got a mutation for an unexpected actor: server0.conn1.child2/domnode461, please file a bug on bugzilla.mozilla.org!"
console.trace: 
resource://devtools/client/fronts/walker.js 276 getMutations
console.warn: "Got a mutation for an unexpected actor: server0.conn1.child2/domnode461, please file a bug on bugzilla.mozilla.org!"
console.trace: 
resource://devtools/client/fronts/walker.js 276 getMutations
console.warn: "Got a mutation for an unexpected actor: server0.conn1.child2/domnode461, please file a bug on bugzilla.mozilla.org!"
console.trace: 
resource://devtools/client/fronts/walker.js 276 getMutations
console.warn: "Got a mutation for an unexpected actor: server0.conn1.child2/domnode461, please file a bug on bugzilla.mozilla.org!"
console.trace: 
resource://devtools/client/fronts/walker.js 276 getMutations
console.warn: "Got a mutation for an unexpected actor: server0.conn1.child2/domnode461, please file a bug on bugzilla.mozilla.org!"
console.trace: 
resource://devtools/client/fronts/walker.js 276 getMutations
console.warn: "Got a mutation for an unexpected actor: server0.conn1.child2/domnode461, please file a bug on bugzilla.mozilla.org!"
console.trace: 
resource://devtools/client/fronts/walker.js 276 getMutations
console.warn: "Got a mutation for an unexpected actor: server0.conn1.child2/domnode461, please file a bug on bugzilla.mozilla.org!"
console.trace: 
resource://devtools/client/fronts/walker.js 276 getMutations
console.warn: "Got a mutation for an unexpected actor: server0.conn1.child2/domnode461, please file a bug on bugzilla.mozilla.org!"
console.trace: 
resource://devtools/client/fronts/walker.js 276 getMutations
console.warn: "Got a mutation for an unexpected actor: server0.conn1.child2/domnode461, please file a bug on bugzilla.mozilla.org!"
console.trace: 
resource://devtools/client/fronts/walker.js 276 getMutations
console.warn: "Got a mutation for an unexpected actor: server0.conn1.child2/domnode461, please file a bug on bugzilla.mozilla.org!"
console.trace: 
resource://devtools/client/fronts/walker.js 276 getMutations
console.warn: "Got a mutation for an unexpected actor: server0.conn1.child2/domnode461, please file a bug on bugzilla.mozilla.org!"
console.trace: 
resource://devtools/client/fronts/walker.js 276 getMutations
console.warn: "Got a mutation for an unexpected actor: server0.conn1.child2/domnode461, please file a bug on bugzilla.mozilla.org!"
console.trace: 
resource://devtools/client/fronts/walker.js 276 getMutations
console.warn: "Got a mutation for an unexpected actor: server0.conn1.child2/domnode461, please file a bug on bugzilla.mozilla.org!"
console.trace: 
resource://devtools/client/fronts/walker.js 276 getMutations
console.warn: "Got a mutation for an unexpected actor: server0.conn1.child2/domnode461, please file a bug on bugzilla.mozilla.org!"
console.trace: 
resource://devtools/client/fronts/walker.js 276 getMutations
console.error: "stylesheets actor: fetch failed for https://img1a.flixcart.com/www/linchpin/fk-cp-zion/css/app.chunk.8683fa.css, using system principal instead."
console.error: "stylesheets actor: fetch failed for https://img1a.flixcart.com/www/linchpin/fk-cp-zion/css/app.chunk.8683fa.css, using system principal instead."
console.error: "Error while calling actor 'pagestyle's method 'getLayout'" "node is null"
console.error: "getLayout@resource://devtools/server/actors/styles.js:989:5\nhandler@resource://devtools/shared/protocol/Actor.js:166:37\nonPacket@resource://devtools/server/devtools-server-connection.js:379:58\nreceiveMessage@resource://devtools/shared/transport/child-transport.js:66:16\n"
console.error: (new Error("Protocol error (TypeError): node is null from: server0.conn1.child2/pagestyle26 (resource://devtools/server/actors/styles.js:989:5)", "resource://devtools/shared/protocol/Front.js", 327))
JavaScript error: , line 0: TypeError: NetworkError when attempting to fetch resource.
JavaScript error: , line 0: TypeError: NetworkError when attempting to fetch resource.
JavaScript error: , line 0: TypeError: NetworkError when attempting to fetch resource.
JavaScript error: , line 0: TypeError: NetworkError when attempting to fetch resource.
console.error: (new TypeError("parent is null", "resource://devtools/client/inspector/shared/style-change-tracker.js", 67))
TypeError: parent is null: canMutationImpactCurrentStyles@resource://devtools/client/inspector/shared/style-change-tracker.js:67:24
onMutations@resource://devtools/client/inspector/shared/style-change-tracker.js:84:41
_emit@resource://devtools/shared/event-emitter.js:226:34
emit@resource://devtools/shared/event-emitter.js:172:18
emit@resource://devtools/shared/event-emitter.js:324:18
getMutations@resource://devtools/client/fronts/walker.js:405:10

1603471576488	mozrunner::runner	INFO	Running command: "/usr/bin/firefox" "-marionette" "-foreground" "-no-remote" "-profile" "/tmp/rust_mozprofile8JGqvc"
console.error: SearchCache: "_readCacheFile: Error reading cache file:" (new Error("", "(unknown module)"))
1603471588805	Marionette	INFO	Listening on port 44437
1603471588940	Marionette	WARN	TLS certificate errors will be ignored for this session
1603471708265	mozrunner::runner	INFO	Running command: "/usr/bin/firefox" "-marionette" "-foreground" "-no-remote" "-profile" "/tmp/rust_mozprofileh8mC9U"
1603471714698	Marionette	INFO	Stopped listening on port 44437
console.error: SearchCache: "_readCacheFile: Error reading cache file:" (new Error("", "(unknown module)"))
1603471722801	Marionette	INFO	Listening on port 45319
1603471722879	Marionette	WARN	TLS certificate errors will be ignored for this session
1603471794466	mozrunner::runner	INFO	Running command: "/usr/bin/firefox" "-marionette" "-foreground" "-no-remote" "-profile" "/tmp/rust_mozprofilep6TiyF"
console.error: SearchCache: "_readCacheFile: Error reading cache file:" (new Error("", "(unknown module)"))
1603471806654	Marionette	INFO	Listening on port 41797
1603471806734	Marionette	WARN	TLS certificate errors will be ignored for this session
1603605572273	mozrunner::runner	INFO	Running command: "/usr/bin/firefox" "-marionette" "-foreground" "-no-remote" "-profile" "/tmp/rust_mozprofilewY1KzT"
console.warn: SearchSettings: "get: No settings file exists, new profile?" (new Error("", "(unknown module)"))
1603605611278	Marionette	INFO	Listening on port 39019
1603605612069	Marionette	WARN	TLS certificate errors will be ignored for this session
JavaScript error: , line 0: TypeError: NetworkError when attempting to fetch resource.
1603605720561	Marionette	INFO	Stopped listening on port 39019
1603605734508	mozrunner::runner	INFO	Running command: "/usr/bin/firefox" "-marionette" "-foreground" "-no-remote" "-profile" "/tmp/rust_mozprofileETTvuZ"
console.warn: SearchSettings: "get: No settings file exists, new profile?" (new Error("", "(unknown module)"))
1603605755583	Marionette	INFO	Listening on port 39825
1603605755677	Marionette	WARN	TLS certificate errors will be ignored for this session
JavaScript error: , line 0: TypeError: NetworkError when attempting to fetch resource.
1603605850879	mozrunner::runner	INFO	Running command: "/usr/bin/firefox" "-marionette" "-foreground" "-no-remote" "-profile" "/tmp/rust_mozprofileSyqRBs"
1603605855109	Marionette	INFO	Stopped listening on port 39825
console.warn: SearchSettings: "get: No settings file exists, new profile?" (new Error("", "(unknown module)"))
1603605869667	Marionette	INFO	Listening on port 34313
1603605869761	Marionette	WARN	TLS certificate errors will be ignored for this session
JavaScript error: , line 0: TypeError: NetworkError when attempting to fetch resource.
JavaScript error: , line 0: TypeError: NetworkError when attempting to fetch resource.
1603606030514	mozrunner::runner	INFO	Running command: "/usr/bin/firefox" "-marionette" "-foreground" "-no-remote" "-profile" "/tmp/rust_mozprofileJuXMHX"
console.warn: SearchSettings: "get: No settings file exists, new profile?" (new Error("", "(unknown module)"))
1603606045415	Marionette	INFO	Listening on port 33579
1603606045540	Marionette	WARN	TLS certificate errors will be ignored for this session
JavaScript error: , line 0: TypeError: NetworkError when attempting to fetch resource.
JavaScript error: , line 0: TypeError: NetworkError when attempting to fetch resource.
JavaScript error: , line 0: TypeError: NetworkError when attempting to fetch resource.
JavaScript error: , line 0: TypeError: NetworkError when attempting to fetch resource.
JavaScript error: , line 0: TypeError: NetworkError when attempting to fetch resource.
JavaScript error: , line 0: TypeError: NetworkError when attempting to fetch resource.
JavaScript error: , line 0: TypeError: NetworkError when attempting to fetch resource.
JavaScript error: , line 0: TypeError: NetworkError when attempting to fetch resource.
JavaScript error: , line 0: TypeError: NetworkError when attempting to fetch resource.
JavaScript error: , line 0: TypeError: NetworkError when attempting to fetch resource.
JavaScript error: , line 0: TypeError: NetworkError when attempting to fetch resource.
JavaScript error: , line 0: TypeError: NetworkError when attempting to fetch resource.
JavaScript error: , line 0: TypeError: NetworkError when attempting to fetch resource.
JavaScript error: , line 0: TypeError: NetworkError when attempting to fetch resource.
JavaScript error: , line 0: TypeError: NetworkError when attempting to fetch resource.
JavaScript error: , line 0: TypeError: NetworkError when attempting to fetch resource.
JavaScript error: , line 0: TypeError: NetworkError when attempting to fetch resource.
JavaScript error: , line 0: TypeError: NetworkError when attempting to fetch resource.
JavaScript error: , line 0: TypeError: NetworkError when attempting to fetch resource.
JavaScript error: , line 0: TypeError: NetworkError when attempting to fetch resource.
1603611472830	mozrunner::runner	INFO	Running command: "/usr/bin/firefox" "-marionette" "-foreground" "-no-remote" "-profile" "/tmp/rust_mozprofilean92uA"
1603611473131	Marionette	INFO	Stopped listening on port 33579
1603611476875	Marionette	INFO	Stopped listening on port 34313
console.warn: SearchSettings: "get: No settings file exists, new profile?" (new Error("", "(unknown module)"))
1603611491061	Marionette	INFO	Listening on port 41423
1603611491231	Marionette	WARN	TLS certificate errors will be ignored for this session
JavaScript error: , line 0: TypeError: NetworkError when attempting to fetch resource.
1603611574211	Marionette	INFO	Stopped listening on port 41423
1603611578431	mozrunner::runner	INFO	Running command: "/usr/bin/firefox" "-marionette" "-foreground" "-no-remote" "-profile" "/tmp/rust_mozprofiledSKULA"
console.warn: SearchSettings: "get: No settings file exists, new profile?" (new Error("", "(unknown module)"))
1603611591949	Marionette	INFO	Listening on port 41029
1603611592147	Marionette	WARN	TLS certificate errors will be ignored for this session
JavaScript error: , line 0: TypeError: NetworkError when attempting to fetch resource.
1603611705025	mozrunner::runner	INFO	Running command: "/usr/bin/firefox" "-marionette" "-foreground" "-no-remote" "-profile" "/tmp/rust_mozprofileHluLZx"
1603611708824	Marionette	INFO	Stopped listening on port 41029
console.warn: SearchSettings: "get: No settings file exists, new profile?" (new Error("", "(unknown module)"))
1603611719670	Marionette	INFO	Listening on port 40551
1603611719970	Marionette	WARN	TLS certificate errors will be ignored for this session
JavaScript error: , line 0: TypeError: NetworkError when attempting to fetch resource.
1603612928643	mozrunner::runner	INFO	Running command: "/usr/bin/firefox" "-marionette" "-foreground" "-no-remote" "-profile" "/tmp/rust_mozprofileDmu3xc"
console.warn: SearchSettings: "get: No settings file exists, new profile?" (new Error("", "(unknown module)"))
1603612943676	Marionette	INFO	Listening on port 46391
1603612944043	Marionette	WARN	TLS certificate errors will be ignored for this session
JavaScript error: , line 0: TypeError: NetworkError when attempting to fetch resource.
1603613016973	Marionette	INFO	Stopped listening on port 46391
JavaScript error: resource://devtools/shared/protocol/Front.js, line 98: Error: Connection closed, pending request to server0.conn0.child2/domnode152, type setNodeValue failed

Request stack:
request@resource://devtools/shared/protocol/Front.js:274:14
generateRequestMethods/</frontProto[name]@resource://devtools/shared/protocol/Front/FrontClassWithSpec.js:46:19
showTextEditor/done/</<@resource://devtools/client/inspector/markup/views/text-editor.js:101:25
do@resource://devtools/client/shared/undo.js:70:16
endBatch@resource://devtools/client/shared/undo.js:81:11
do@resource://devtools/client/shared/undo.js:94:10
showTextEditor/done/<@resource://devtools/client/inspector/markup/views/text-editor.js:99:31
process@resource://gre/modules/Promise-backend.js:961:38
walkerLoop@resource://gre/modules/Promise-backend.js:845:29
Promise*scheduleWalkerLoop@resource://gre/modules/Promise-backend.js:775:19
schedulePromise@resource://gre/modules/Promise-backend.js:809:12
completePromise@resource://gre/modules/Promise-backend.js:741:12

IPDL protocol error: Handler returned error code!

###!!! [Parent][DispatchAsyncMessage] Error: PLayerTransaction::Msg_ReleaseLayer Processing error: message was deserialized, but the handler returned false (indicating failure)

IPDL protocol error: Handler returned error code!

###!!! [Parent][DispatchAsyncMessage] Error: PLayerTransaction::Msg_ReleaseLayer Processing error: message was deserialized, but the handler returned false (indicating failure)

IPDL protocol error: Handler returned error code!

###!!! [Parent][DispatchAsyncMessage] Error: PLayerTransaction::Msg_ReleaseLayer Processing error: message was deserialized, but the handler returned false (indicating failure)

IPDL protocol error: Handler returned error code!

###!!! [Parent][DispatchAsyncMessage] Error: PLayerTransaction::Msg_ReleaseLayer Processing error: message was deserialized, but the handler returned false (indicating failure)

IPDL protocol error: Handler returned error code!

###!!! [Parent][DispatchAsyncMessage] Error: PLayerTransaction::Msg_ReleaseLayer Processing error: message was deserialized, but the handler returned false (indicating failure)

IPDL protocol error: Handler returned error code!

###!!! [Parent][DispatchAsyncMessage] Error: PLayerTransaction::Msg_ReleaseLayer Processing error: message was deserialized, but the handler returned false (indicating failure)

IPDL protocol error: Handler returned error code!

###!!! [Parent][DispatchAsyncMessage] Error: PLayerTransaction::Msg_ReleaseLayer Processing error: message was deserialized, but the handler returned false (indicating failure)

IPDL protocol error: Handler returned error code!

###!!! [Parent][DispatchAsyncMessage] Error: PLayerTransaction::Msg_ReleaseLayer Processing error: message was deserialized, but the handler returned false (indicating failure)

IPDL protocol error: Handler returned error code!

###!!! [Parent][DispatchAsyncMessage] Error: PLayerTransaction::Msg_ReleaseLayer Processing error: message was deserialized, but the handler returned false (indicating failure)

IPDL protocol error: Handler returned error code!

###!!! [Parent][DispatchAsyncMessage] Error: PLayerTransaction::Msg_ReleaseLayer Processing error: message was deserialized, but the handler returned false (indicating failure)

IPDL protocol error: Handler returned error code!

###!!! [Parent][DispatchAsyncMessage] Error: PLayerTransaction::Msg_ReleaseLayer Processing error: message was deserialized, but the handler returned false (indicating failure)

IPDL protocol error: Handler returned error code!

###!!! [Parent][DispatchAsyncMessage] Error: PLayerTransaction::Msg_ReleaseLayer Processing error: message was deserialized, but the handler returned false (indicating failure)

IPDL protocol error: Handler returned error code!

###!!! [Parent][DispatchAsyncMessage] Error: PLayerTransaction::Msg_ReleaseLayer Processing error: message was deserialized, but the handler returned false (indicating failure)

1603613019220	Marionette	INFO	Stopped listening on port 40551
1603613066395	mozrunner::runner	INFO	Running command: "/usr/bin/firefox" "-marionette" "-foreground" "-no-remote" "-profile" "/tmp/rust_mozprofileMTnAv4"
console.warn: SearchSettings: "get: No settings file exists, new profile?" (new Error("", "(unknown module)"))
1603613075622	Marionette	INFO	Listening on port 34937
1603613075703	Marionette	WARN	TLS certificate errors will be ignored for this session
1603613077256	Marionette	INFO	Stopped listening on port 34937
console.warn: services.settings: main/message-groups sync interrupted by shutdown
console.warn: services.settings: main/cfr-fxa sync interrupted by shutdown
console.warn: services.settings: main/cfr sync interrupted by shutdown
console.warn: SearchService: "_init: abandoning init due to shutting down"
JavaScript error: , line 0: uncaught exception: 2147500036
JavaScript error: , line 0: uncaught exception: 2147500036
JavaScript error: , line 0: uncaught exception: 2147500036
JavaScript error: , line 0: uncaught exception: 2147500036
JavaScript error: , line 0: uncaught exception: 2147500036
JavaScript error: , line 0: uncaught exception: 2147500036
console.warn: services.settings: main/message-groups sync interrupted by shutdown
JavaScript error: resource:///modules/EveryWindow.jsm, line 37: NS_ERROR_UNEXPECTED: Component returned failure code: 0x8000ffff (NS_ERROR_UNEXPECTED) [nsIWindowMediator.getEnumerator]
1603613175271	mozrunner::runner	INFO	Running command: "/usr/bin/firefox" "-marionette" "-foreground" "-no-remote" "-profile" "/tmp/rust_mozprofile0hAOyL"
console.warn: SearchSettings: "get: No settings file exists, new profile?" (new Error("", "(unknown module)"))
1603613186723	Marionette	INFO	Listening on port 40263
1603613186879	Marionette	WARN	TLS certificate errors will be ignored for this session
1603613217665	Marionette	INFO	Stopped listening on port 40263
JavaScript error: chrome://marionette/content/proxy.js, line 218: TypeError: this.browser.driver.dialogObserver is null
JavaScript error: chrome://marionette/content/proxy.js, line 218: TypeError: this.browser.driver.dialogObserver is null
1603613381264	mozrunner::runner	INFO	Running command: "/usr/bin/firefox" "-marionette" "-foreground" "-no-remote" "-profile" "/tmp/rust_mozprofile16JQGM"
console.warn: SearchSettings: "get: No settings file exists, new profile?" (new Error("", "(unknown module)"))
1603613390156	Marionette	INFO	Listening on port 37793
1603613390274	Marionette	WARN	TLS certificate errors will be ignored for this session
JavaScript error: , line 0: TypeError: NetworkError when attempting to fetch resource.
1603613428802	Marionette	INFO	Stopped listening on port 37793
JavaScript error: chrome://marionette/content/proxy.js, line 218: TypeError: this.browser.driver.dialogObserver is null
1603613749619	mozrunner::runner	INFO	Running command: "/usr/bin/firefox" "-marionette" "-foreground" "-no-remote" "-profile" "/tmp/rust_mozprofileJJoL7s"
console.warn: SearchSettings: "get: No settings file exists, new profile?" (new Error("", "(unknown module)"))
1603613759066	Marionette	INFO	Listening on port 45863
1603613760691	Marionette	WARN	TLS certificate errors will be ignored for this session
1603613796202	Marionette	INFO	Stopped listening on port 45863
JavaScript error: chrome://marionette/content/proxy.js, line 218: TypeError: this.browser.driver.dialogObserver is null
JavaScript error: chrome://marionette/content/proxy.js, line 218: TypeError: this.browser.driver.dialogObserver is null

###!!! [Child][RunMessage] Error: Channel closing: too late to send/recv, messages will be lost


###!!! [Child][RunMessage] Error: Channel closing: too late to send/recv, messages will be lost

1603632106662	mozrunner::runner	INFO	Running command: "/usr/bin/firefox" "-marionette" "-foreground" "-no-remote" "-profile" "/tmp/rust_mozprofilePAVaaf"
console.warn: SearchSettings: "get: No settings file exists, new profile?" (new Error("", "(unknown module)"))
1603632121407	Marionette	INFO	Listening on port 46125
1603632121668	Marionette	WARN	TLS certificate errors will be ignored for this session
1603632149379	Marionette	WARN	TimedPromise timed out after 500 ms: stacktrace:
TimedPromise/<@chrome://marionette/content/sync.js:228:19
TimedPromise@chrome://marionette/content/sync.js:213:10
interaction.flushEventLoop@chrome://marionette/content/interaction.js:418:10
webdriverClickElement@chrome://marionette/content/interaction.js:179:31
1603632176513	Marionette	INFO	Stopped listening on port 46125
JavaScript error: chrome://marionette/content/proxy.js, line 218: TypeError: this.browser.driver.dialogObserver is null
JavaScript error: chrome://marionette/content/proxy.js, line 218: TypeError: this.browser.driver.dialogObserver is null
JavaScript error: chrome://marionette/content/proxy.js, line 218: TypeError: this.browser.driver.dialogObserver is null
IPDL protocol error: Handler returned error code!

###!!! [Parent][DispatchAsyncMessage] Error: PLayerTransaction::Msg_ReleaseLayer Processing error: message was deserialized, but the handler returned false (indicating failure)

1603632360804	mozrunner::runner	INFO	Running command: "/usr/bin/firefox" "-marionette" "-foreground" "-no-remote" "-profile" "/tmp/rust_mozprofilezFz0jM"
console.warn: SearchSettings: "get: No settings file exists, new profile?" (new Error("", "(unknown module)"))
1603632377694	Marionette	INFO	Listening on port 35701
1603632377869	Marionette	WARN	TLS certificate errors will be ignored for this session
JavaScript error: , line 0: TypeError: NetworkError when attempting to fetch resource.
1603632517632	mozrunner::runner	INFO	Running command: "/usr/bin/firefox" "-marionette" "-foreground" "-no-remote" "-profile" "/tmp/rust_mozprofilew66IUV"
1603632523087	Marionette	INFO	Stopped listening on port 35701
console.warn: SearchSettings: "get: No settings file exists, new profile?" (new Error("", "(unknown module)"))
1603632531040	Marionette	INFO	Listening on port 39309
1603632531376	Marionette	WARN	TLS certificate errors will be ignored for this session
JavaScript error: , line 0: TypeError: NetworkError when attempting to fetch resource.
1603632691706	mozrunner::runner	INFO	Running command: "/usr/bin/firefox" "-marionette" "-foreground" "-no-remote" "-profile" "/tmp/rust_mozprofileM4TOBl"
console.warn: SearchSettings: "get: No settings file exists, new profile?" (new Error("", "(unknown module)"))
1603632701921	Marionette	INFO	Listening on port 45695
1603632702046	Marionette	WARN	TLS certificate errors will be ignored for this session
JavaScript error: , line 0: TypeError: NetworkError when attempting to fetch resource.
1603633124179	mozrunner::runner	INFO	Running command: "/usr/bin/firefox" "-marionette" "-foreground" "-no-remote" "-profile" "/tmp/rust_mozprofile6YMi08"
1603633132087	Marionette	INFO	Stopped listening on port 45695
1603633134282	Marionette	INFO	Stopped listening on port 39309
console.warn: SearchSettings: "get: No settings file exists, new profile?" (new Error("", "(unknown module)"))
1603633142916	Marionette	INFO	Listening on port 40923
1603633143059	Marionette	WARN	TLS certificate errors will be ignored for this session
JavaScript error: , line 0: TypeError: NetworkError when attempting to fetch resource.
1603633189688	mozrunner::runner	INFO	Running command: "/usr/bin/firefox" "-marionette" "-foreground" "-no-remote" "-profile" "/tmp/rust_mozprofileF4Nf8h"
console.warn: SearchSettings: "get: No settings file exists, new profile?" (new Error("", "(unknown module)"))
1603633205422	Marionette	INFO	Listening on port 39163
1603633205711	Marionette	WARN	TLS certificate errors will be ignored for this session
JavaScript error: , line 0: TypeError: NetworkError when attempting to fetch resource.
1603633367346	mozrunner::runner	INFO	Running command: "/usr/bin/firefox" "-marionette" "-foreground" "-no-remote" "-profile" "/tmp/rust_mozprofilevQ8ovL"
console.warn: SearchSettings: "get: No settings file exists, new profile?" (new Error("", "(unknown module)"))
1603633378783	Marionette	INFO	Listening on port 42611
1603633380719	Marionette	WARN	TLS certificate errors will be ignored for this session
JavaScript error: , line 0: TypeError: NetworkError when attempting to fetch resource.
1603633825395	Marionette	INFO	Stopped listening on port 39163
1603633828055	Marionette	INFO	Stopped listening on port 42611
1603633830882	Marionette	INFO	Stopped listening on port 40923
1603633981644	mozrunner::runner	INFO	Running command: "/usr/bin/firefox" "-marionette" "-foreground" "-no-remote" "-profile" "/tmp/rust_mozprofilejt8HWX"
console.warn: SearchSettings: "get: No settings file exists, new profile?" (new Error("", "(unknown module)"))
1603633999276	Marionette	INFO	Listening on port 42783
1603634001034	Marionette	WARN	TLS certificate errors will be ignored for this session
JavaScript error: , line 0: TypeError: NetworkError when attempting to fetch resource.
1603634122786	mozrunner::runner	INFO	Running command: "/usr/bin/firefox" "-marionette" "-foreground" "-no-remote" "-profile" "/tmp/rust_mozprofileroh4hB"
console.warn: SearchSettings: "get: No settings file exists, new profile?" (new Error("", "(unknown module)"))
1603634132491	Marionette	INFO	Listening on port 38507
1603634132574	Marionette	WARN	TLS certificate errors will be ignored for this session
JavaScript error: , line 0: TypeError: NetworkError when attempting to fetch resource.
1603634285320	Marionette	INFO	Stopped listening on port 38507
1603634287518	Marionette	INFO	Stopped listening on port 42783
1603634405019	mozrunner::runner	INFO	Running command: "/usr/bin/firefox" "-marionette" "-foreground" "-no-remote" "-profile" "/tmp/rust_mozprofiletz9sCx"
console.warn: SearchSettings: "get: No settings file exists, new profile?" (new Error("", "(unknown module)"))
1603634416523	Marionette	INFO	Listening on port 44403
1603634416680	Marionette	WARN	TLS certificate errors will be ignored for this session
JavaScript error: , line 0: TypeError: NetworkError when attempting to fetch resource.
1603634597308	mozrunner::runner	INFO	Running command: "/usr/bin/firefox" "-marionette" "-foreground" "-no-remote" "-profile" "/tmp/rust_mozprofileJa5RT7"
console.warn: SearchSettings: "get: No settings file exists, new profile?" (new Error("", "(unknown module)"))
1603634621821	Marionette	INFO	Listening on port 32983
1603634627208	Marionette	WARN	TLS certificate errors will be ignored for this session
IPDL protocol error: Handler returned error code!

###!!! [Parent][DispatchAsyncMessage] Error: PLayerTransaction::Msg_ReleaseLayer Processing error: message was deserialized, but the handler returned false (indicating failure)

IPDL protocol error: Handler returned error code!

###!!! [Parent][DispatchAsyncMessage] Error: PLayerTransaction::Msg_ReleaseLayer Processing error: message was deserialized, but the handler returned false (indicating failure)

IPDL protocol error: Handler returned error code!

###!!! [Parent][DispatchAsyncMessage] Error: PLayerTransaction::Msg_ReleaseLayer Processing error: message was deserialized, but the handler returned false (indicating failure)

JavaScript error: resource:///modules/FaviconLoader.jsm, line 582: InvalidStateError: An attempt was made to use an object that is not, or is no longer, usable
console.warn: "Inspector destroyed while executing onReflow callback"
1603634643328	Marionette	INFO	Stopped listening on port 32983
JavaScript error: resource://devtools/shared/protocol/Front.js, line 98: Error: Connection closed, pending request to server0.conn0.child2/domnode56, type setNodeValue failed

Request stack:
request@resource://devtools/shared/protocol/Front.js:274:14
generateRequestMethods/</frontProto[name]@resource://devtools/shared/protocol/Front/FrontClassWithSpec.js:46:19
showTextEditor/done/</<@resource://devtools/client/inspector/markup/views/text-editor.js:101:25
do@resource://devtools/client/shared/undo.js:70:16
endBatch@resource://devtools/client/shared/undo.js:81:11
do@resource://devtools/client/shared/undo.js:94:10
showTextEditor/done/<@resource://devtools/client/inspector/markup/views/text-editor.js:99:31
process@resource://gre/modules/Promise-backend.js:961:38
walkerLoop@resource://gre/modules/Promise-backend.js:845:29
Promise*scheduleWalkerLoop@resource://gre/modules/Promise-backend.js:775:19
schedulePromise@resource://gre/modules/Promise-backend.js:809:12
completePromise@resource://gre/modules/Promise-backend.js:741:12

IPDL protocol error: Handler returned error code!

###!!! [Parent][DispatchAsyncMessage] Error: PLayerTransaction::Msg_ReleaseLayer Processing error: message was deserialized, but the handler returned false (indicating failure)

IPDL protocol error: Handler returned error code!

###!!! [Parent][DispatchAsyncMessage] Error: PLayerTransaction::Msg_ReleaseLayer Processing error: message was deserialized, but the handler returned false (indicating failure)

IPDL protocol error: Handler returned error code!

###!!! [Parent][DispatchAsyncMessage] Error: PLayerTransaction::Msg_ReleaseLayer Processing error: message was deserialized, but the handler returned false (indicating failure)

IPDL protocol error: Handler returned error code!

###!!! [Parent][DispatchAsyncMessage] Error: PLayerTransaction::Msg_ReleaseLayer Processing error: message was deserialized, but the handler returned false (indicating failure)

IPDL protocol error: Handler returned error code!

###!!! [Parent][DispatchAsyncMessage] Error: PLayerTransaction::Msg_ReleaseLayer Processing error: message was deserialized, but the handler returned false (indicating failure)

IPDL protocol error: Handler returned error code!

###!!! [Parent][DispatchAsyncMessage] Error: PLayerTransaction::Msg_ReleaseLayer Processing error: message was deserialized, but the handler returned false (indicating failure)

IPDL protocol error: Handler returned error code!

###!!! [Parent][DispatchAsyncMessage] Error: PLayerTransaction::Msg_ReleaseLayer Processing error: message was deserialized, but the handler returned false (indicating failure)

IPDL protocol error: Handler returned error code!

###!!! [Parent][DispatchAsyncMessage] Error: PLayerTransaction::Msg_ReleaseLayer Processing error: message was deserialized, but the handler returned false (indicating failure)

IPDL protocol error: Handler returned error code!

###!!! [Parent][DispatchAsyncMessage] Error: PLayerTransaction::Msg_ReleaseLayer Processing error: message was deserialized, but the handler returned false (indicating failure)

IPDL protocol error: Handler returned error code!

###!!! [Parent][DispatchAsyncMessage] Error: PLayerTransaction::Msg_ReleaseLayer Processing error: message was deserialized, but the handler returned false (indicating failure)

IPDL protocol error: Handler returned error code!

###!!! [Parent][DispatchAsyncMessage] Error: PLayerTransaction::Msg_ReleaseLayer Processing error: message was deserialized, but the handler returned false (indicating failure)

IPDL protocol error: Handler returned error code!

###!!! [Parent][DispatchAsyncMessage] Error: PLayerTransaction::Msg_ReleaseLayer Processing error: message was deserialized, but the handler returned false (indicating failure)

IPDL protocol error: Handler returned error code!

###!!! [Parent][DispatchAsyncMessage] Error: PLayerTransaction::Msg_ReleaseLayer Processing error: message was deserialized, but the handler returned false (indicating failure)

1603634645207	Marionette	INFO	Stopped listening on port 44403
1603634650910	mozrunner::runner	INFO	Running command: "/usr/bin/firefox" "-marionette" "-foreground" "-no-remote" "-profile" "/tmp/rust_mozprofileKLQ3N2"
console.warn: SearchSettings: "get: No settings file exists, new profile?" (new Error("", "(unknown module)"))
1603634661242	Marionette	INFO	Listening on port 44713
1603634661350	Marionette	WARN	TLS certificate errors will be ignored for this session
JavaScript error: , line 0: TypeError: NetworkError when attempting to fetch resource.
1603634750060	Marionette	INFO	Stopped listening on port 44713
1603634760060	mozrunner::runner	INFO	Running command: "/usr/bin/firefox" "-marionette" "-foreground" "-no-remote" "-profile" "/tmp/rust_mozprofileYZV0Ax"
console.warn: SearchSettings: "get: No settings file exists, new profile?" (new Error("", "(unknown module)"))
1603634769291	Marionette	INFO	Listening on port 33953
1603634771414	Marionette	WARN	TLS certificate errors will be ignored for this session
1603634801030	Marionette	INFO	Stopped listening on port 33953
JavaScript error: chrome://marionette/content/proxy.js, line 218: TypeError: this.browser.driver.dialogObserver is null
1603634884584	mozrunner::runner	INFO	Running command: "/usr/bin/firefox" "-marionette" "-foreground" "-no-remote" "-profile" "/tmp/rust_mozprofileJ1jBQc"
console.warn: SearchSettings: "get: No settings file exists, new profile?" (new Error("", "(unknown module)"))
1603634896070	Marionette	INFO	Listening on port 33303
1603634896194	Marionette	WARN	TLS certificate errors will be ignored for this session
1603634923003	Marionette	INFO	Stopped listening on port 33303
JavaScript error: chrome://marionette/content/proxy.js, line 218: TypeError: this.browser.driver.dialogObserver is null
JavaScript error: chrome://marionette/content/proxy.js, line 218: TypeError: this.browser.driver.dialogObserver is null
IPDL protocol error: Handler returned error code!

###!!! [Parent][DispatchAsyncMessage] Error: PLayerTransaction::Msg_ReleaseLayer Processing error: message was deserialized, but the handler returned false (indicating failure)

IPDL protocol error: Handler returned error code!

###!!! [Parent][DispatchAsyncMessage] Error: PLayerTransaction::Msg_ReleaseLayer Processing error: message was deserialized, but the handler returned false (indicating failure)

IPDL protocol error: Handler returned error code!

###!!! [Parent][DispatchAsyncMessage] Error: PLayerTransaction::Msg_ReleaseLayer Processing error: message was deserialized, but the handler returned false (indicating failure)

IPDL protocol error: Handler returned error code!

###!!! [Parent][DispatchAsyncMessage] Error: PLayerTransaction::Msg_ReleaseLayer Processing error: message was deserialized, but the handler returned false (indicating failure)

IPDL protocol error: Handler returned error code!

###!!! [Parent][DispatchAsyncMessage] Error: PLayerTransaction::Msg_ReleaseLayer Processing error: message was deserialized, but the handler returned false (indicating failure)

IPDL protocol error: Handler returned error code!

###!!! [Parent][DispatchAsyncMessage] Error: PLayerTransaction::Msg_ReleaseLayer Processing error: message was deserialized, but the handler returned false (indicating failure)

IPDL protocol error: Handler returned error code!

###!!! [Parent][DispatchAsyncMessage] Error: PLayerTransaction::Msg_ReleaseLayer Processing error: message was deserialized, but the handler returned false (indicating failure)

IPDL protocol error: Handler returned error code!

###!!! [Parent][DispatchAsyncMessage] Error: PLayerTransaction::Msg_ReleaseLayer Processing error: message was deserialized, but the handler returned false (indicating failure)

IPDL protocol error: Handler returned error code!

###!!! [Parent][DispatchAsyncMessage] Error: PLayerTransaction::Msg_ReleaseLayer Processing error: message was deserialized, but the handler returned false (indicating failure)

IPDL protocol error: Handler returned error code!

###!!! [Parent][DispatchAsyncMessage] Error: PLayerTransaction::Msg_ReleaseLayer Processing error: message was deserialized, but the handler returned false (indicating failure)

IPDL protocol error: Handler returned error code!

###!!! [Parent][DispatchAsyncMessage] Error: PLayerTransaction::Msg_ReleaseLayer Processing error: message was deserialized, but the handler returned false (indicating failure)

IPDL protocol error: Handler returned error code!

###!!! [Parent][DispatchAsyncMessage] Error: PLayerTransaction::Msg_ReleaseLayer Processing error: message was deserialized, but the handler returned false (indicating failure)

1603635013011	mozrunner::runner	INFO	Running command: "/usr/bin/firefox" "-marionette" "-foreground" "-no-remote" "-profile" "/tmp/rust_mozprofileQC2L6O"
console.warn: SearchSettings: "get: No settings file exists, new profile?" (new Error("", "(unknown module)"))
1603635021670	Marionette	INFO	Listening on port 34721
1603635021826	Marionette	WARN	TLS certificate errors will be ignored for this session
1603635052292	Marionette	INFO	Stopped listening on port 34721
JavaScript error: chrome://marionette/content/proxy.js, line 218: TypeError: this.browser.driver.dialogObserver is null
IPDL protocol error: Handler returned error code!

###!!! [Parent][DispatchAsyncMessage] Error: PLayerTransaction::Msg_ReleaseLayer Processing error: message was deserialized, but the handler returned false (indicating failure)

IPDL protocol error: Handler returned error code!

###!!! [Parent][DispatchAsyncMessage] Error: PLayerTransaction::Msg_ReleaseLayer Processing error: message was deserialized, but the handler returned false (indicating failure)

IPDL protocol error: Handler returned error code!

###!!! [Parent][DispatchAsyncMessage] Error: PLayerTransaction::Msg_ReleaseLayer Processing error: message was deserialized, but the handler returned false (indicating failure)

IPDL protocol error: Handler returned error code!

###!!! [Parent][DispatchAsyncMessage] Error: PLayerTransaction::Msg_ReleaseLayer Processing error: message was deserialized, but the handler returned false (indicating failure)

IPDL protocol error: Handler returned error code!

###!!! [Parent][DispatchAsyncMessage] Error: PLayerTransaction::Msg_ReleaseLayer Processing error: message was deserialized, but the handler returned false (indicating failure)

IPDL protocol error: Handler returned error code!

###!!! [Parent][DispatchAsyncMessage] Error: PLayerTransaction::Msg_ReleaseLayer Processing error: message was deserialized, but the handler returned false (indicating failure)

IPDL protocol error: Handler returned error code!

###!!! [Parent][DispatchAsyncMessage] Error: PLayerTransaction::Msg_ReleaseLayer Processing error: message was deserialized, but the handler returned false (indicating failure)

IPDL protocol error: Handler returned error code!

###!!! [Parent][DispatchAsyncMessage] Error: PLayerTransaction::Msg_ReleaseLayer Processing error: message was deserialized, but the handler returned false (indicating failure)

IPDL protocol error: Handler returned error code!

###!!! [Parent][DispatchAsyncMessage] Error: PLayerTransaction::Msg_ReleaseLayer Processing error: message was deserialized, but the handler returned false (indicating failure)

IPDL protocol error: Handler returned error code!

###!!! [Parent][DispatchAsyncMessage] Error: PLayerTransaction::Msg_ReleaseLayer Processing error: message was deserialized, but the handler returned false (indicating failure)

IPDL protocol error: Handler returned error code!

###!!! [Parent][DispatchAsyncMessage] Error: PLayerTransaction::Msg_ReleaseLayer Processing error: message was deserialized, but the handler returned false (indicating failure)

1603635100162	mozrunner::runner	INFO	Running command: "/usr/bin/firefox" "-marionette" "-foreground" "-no-remote" "-profile" "/tmp/rust_mozprofile2u3axE"
console.warn: SearchSettings: "get: No settings file exists, new profile?" (new Error("", "(unknown module)"))
1603635108985	Marionette	INFO	Listening on port 45141
1603635109070	Marionette	WARN	TLS certificate errors will be ignored for this session
1603635139238	Marionette	INFO	Stopped listening on port 45141
1603635199774	mozrunner::runner	INFO	Running command: "/usr/bin/firefox" "-marionette" "-foreground" "-no-remote" "-profile" "/tmp/rust_mozprofiletY6sgL"
console.warn: SearchSettings: "get: No settings file exists, new profile?" (new Error("", "(unknown module)"))
1603635208891	Marionette	INFO	Listening on port 36127
1603635208985	Marionette	WARN	TLS certificate errors will be ignored for this session
1603635268166	mozrunner::runner	INFO	Running command: "/usr/bin/firefox" "-marionette" "-foreground" "-no-remote" "-profile" "/tmp/rust_mozprofileJ6HJFx"
console.warn: SearchSettings: "get: No settings file exists, new profile?" (new Error("", "(unknown module)"))
1603635281875	Marionette	INFO	Listening on port 45397
1603635282056	Marionette	WARN	TLS certificate errors will be ignored for this session
1603635603823	mozrunner::runner	INFO	Running command: "/usr/bin/firefox" "-marionette" "-foreground" "-no-remote" "-profile" "/tmp/rust_mozprofilesY5tnL"
console.warn: SearchSettings: "get: No settings file exists, new profile?" (new Error("", "(unknown module)"))
1603635618629	Marionette	INFO	Listening on port 45281
1603635618810	Marionette	WARN	TLS certificate errors will be ignored for this session
JavaScript error: , line 0: TypeError: NetworkError when attempting to fetch resource.
1603635666491	Marionette	INFO	Stopped listening on port 45281
JavaScript error: chrome://marionette/content/proxy.js, line 218: TypeError: this.browser.driver.dialogObserver is null
JavaScript error: chrome://marionette/content/proxy.js, line 218: TypeError: this.browser.driver.dialogObserver is null
*** UTM:SVC TimerManager:registerTimer called after profile-before-change notification. Ignoring timer registration for id: telemetry_modules_ping
1603635754834	mozrunner::runner	INFO	Running command: "/usr/bin/firefox" "-marionette" "-foreground" "-no-remote" "-profile" "/tmp/rust_mozprofileGwdbvh"
console.warn: SearchSettings: "get: No settings file exists, new profile?" (new Error("", "(unknown module)"))
1603635776637	Marionette	INFO	Listening on port 39307
1603635776775	Marionette	WARN	TLS certificate errors will be ignored for this session
JavaScript error: , line 0: TypeError: NetworkError when attempting to fetch resource.
1603635854828	Marionette	INFO	Stopped listening on port 39307
JavaScript error: chrome://marionette/content/proxy.js, line 218: TypeError: this.browser.driver.dialogObserver is null
1603636094376	mozrunner::runner	INFO	Running command: "/usr/bin/firefox" "-marionette" "-foreground" "-no-remote" "-profile" "/tmp/rust_mozprofilehaHcCE"
console.warn: SearchSettings: "get: No settings file exists, new profile?" (new Error("", "(unknown module)"))
1603636111112	Marionette	INFO	Listening on port 42805
1603636111471	Marionette	WARN	TLS certificate errors will be ignored for this session
JavaScript error: , line 0: TypeError: NetworkError when attempting to fetch resource.
1603636148045	Marionette	INFO	Stopped listening on port 42805
JavaScript error: chrome://marionette/content/proxy.js, line 218: TypeError: this.browser.driver.dialogObserver is null
1603636293707	mozrunner::runner	INFO	Running command: "/usr/bin/firefox" "-marionette" "-foreground" "-no-remote" "-profile" "/tmp/rust_mozprofiletAvmPu"
1603636299113	Marionette	INFO	Stopped listening on port 45397
1603636301077	Marionette	INFO	Stopped listening on port 36127
console.warn: SearchSettings: "get: No settings file exists, new profile?" (new Error("", "(unknown module)"))
1603636305343	Marionette	INFO	Listening on port 46655
1603636305470	Marionette	WARN	TLS certificate errors will be ignored for this session
JavaScript error: , line 0: TypeError: NetworkError when attempting to fetch resource.
1603636339487	Marionette	INFO	Stopped listening on port 46655
JavaScript error: chrome://marionette/content/proxy.js, line 218: TypeError: this.browser.driver.dialogObserver is null
JavaScript error: chrome://marionette/content/proxy.js, line 218: TypeError: this.browser.driver.dialogObserver is null
1603636392038	mozrunner::runner	INFO	Running command: "/usr/bin/firefox" "-marionette" "-foreground" "-no-remote" "-profile" "/tmp/rust_mozprofilewV0mFN"
console.warn: SearchSettings: "get: No settings file exists, new profile?" (new Error("", "(unknown module)"))
1603636402871	Marionette	INFO	Listening on port 44505
1603636402989	Marionette	WARN	TLS certificate errors will be ignored for this session
JavaScript error: , line 0: TypeError: NetworkError when attempting to fetch resource.
1603636427417	Marionette	INFO	Stopped listening on port 44505
JavaScript error: chrome://marionette/content/proxy.js, line 218: TypeError: this.browser.driver.dialogObserver is null
1603636453255	mozrunner::runner	INFO	Running command: "/usr/bin/firefox" "-marionette" "-foreground" "-no-remote" "-profile" "/tmp/rust_mozprofile8sqqP5"
console.warn: SearchSettings: "get: No settings file exists, new profile?" (new Error("", "(unknown module)"))
1603636461951	Marionette	INFO	Listening on port 35767
1603636462053	Marionette	WARN	TLS certificate errors will be ignored for this session
1603636478810	Marionette	WARN	TimedPromise timed out after 500 ms: stacktrace:
TimedPromise/<@chrome://marionette/content/sync.js:228:19
TimedPromise@chrome://marionette/content/sync.js:213:10
interaction.flushEventLoop@chrome://marionette/content/interaction.js:418:10
webdriverClickElement@chrome://marionette/content/interaction.js:179:31
JavaScript error: , line 0: TypeError: NetworkError when attempting to fetch resource.
1603636704482	mozrunner::runner	INFO	Running command: "/usr/bin/firefox" "-marionette" "-foreground" "-no-remote" "-profile" "/tmp/rust_mozprofileNI1ZBD"
1603636709159	Marionette	INFO	Stopped listening on port 35767
console.warn: SearchSettings: "get: No settings file exists, new profile?" (new Error("", "(unknown module)"))
1603636721945	Marionette	INFO	Listening on port 37949
1603636722254	Marionette	WARN	TLS certificate errors will be ignored for this session
JavaScript error: , line 0: TypeError: NetworkError when attempting to fetch resource.
1603636753520	Marionette	INFO	Stopped listening on port 37949
JavaScript error: chrome://marionette/content/proxy.js, line 218: TypeError: this.browser.driver.dialogObserver is null
